<?xml version="1.0" encoding="UTF-8"?>
<!-- Generated by org.testng.reporters.JUnitXMLReporter -->
<testsuite ignored="0" hostname="DESKTOP-L6EIHQ1" failures="1" tests="2" name="Test" time="89.385" errors="0" timestamp="16 Aug 2018 04:45:06 GMT">
  <testcase classname="com.rl.qa.testcases.FavoritesPageTest" name="verifyNumberOfItems" time="16.488"/>
  <testcase classname="com.rl.qa.testcases.RegistrationPageTest" name="createUser" time="16.049">
    <failure type="java.lang.AssertionError" message="expected [Ralph Lauren - Account | Ralph Lauren | 103.1.11 - controllers] but found [Sites-RalphLauren_EU-Site | Ralph Lauren | 103.1.11 - controllers]">
      <![CDATA[java.lang.AssertionError: expected [Ralph Lauren - Account | Ralph Lauren | 103.1.11 - controllers] but found [Sites-RalphLauren_EU-Site | Ralph Lauren | 103.1.11 - controllers]
at com.rl.qa.testcases.RegistrationPageTest.createUser(RegistrationPageTest.java:72)
... Removed 31 stack frames]]>
    </failure>
  </testcase> <!-- createUser -->
</testsuite> <!-- Test -->
